2023-06-17 15:38:24.422  INFO 21308 --- [restartedMain] com.sk.mvc.SpringMvcProjectApplication   : Starting SpringMvcProjectApplication using Java 18.0.2.1 on SagarKumar with PID 21308 (E:\Master-SpringBoot\SpringMvcProject\target\classes started by ksaga in E:\Master-SpringBoot\SpringMvcProject)
2023-06-17 15:38:24.423  INFO 21308 --- [restartedMain] com.sk.mvc.SpringMvcProjectApplication   : No active profile set, falling back to 1 default profile: "default"
2023-06-17 15:38:24.503  INFO 21308 --- [restartedMain] .e.DevToolsPropertyDefaultsPostProcessor : Devtools property defaults active! Set 'spring.devtools.add-properties' to 'false' to disable
2023-06-17 15:38:24.503  INFO 21308 --- [restartedMain] .e.DevToolsPropertyDefaultsPostProcessor : For additional web related logging consider setting the 'logging.level.web' property to 'DEBUG'
2023-06-17 15:38:25.798  INFO 21308 --- [restartedMain] o.s.b.w.embedded.tomcat.TomcatWebServer  : Tomcat initialized with port(s): 9090 (http)
2023-06-17 15:38:25.810  INFO 21308 --- [restartedMain] o.apache.catalina.core.StandardService   : Starting service [Tomcat]
2023-06-17 15:38:25.811  INFO 21308 --- [restartedMain] org.apache.catalina.core.StandardEngine  : Starting Servlet engine: [Apache Tomcat/9.0.75]
2023-06-17 15:38:25.878  INFO 21308 --- [restartedMain] o.a.c.c.C.[Tomcat].[localhost].[/]       : Initializing Spring embedded WebApplicationContext
2023-06-17 15:38:25.878  INFO 21308 --- [restartedMain] w.s.c.ServletWebServerApplicationContext : Root WebApplicationContext: initialization completed in 1374 ms
2023-06-17 15:38:26.331  INFO 21308 --- [restartedMain] o.s.b.d.a.OptionalLiveReloadServer       : LiveReload server is running on port 35729
2023-06-17 15:38:26.375  INFO 21308 --- [restartedMain] o.s.b.w.embedded.tomcat.TomcatWebServer  : Tomcat started on port(s): 9090 (http) with context path ''
2023-06-17 15:38:26.392  INFO 21308 --- [restartedMain] com.sk.mvc.SpringMvcProjectApplication   : Started SpringMvcProjectApplication in 2.44 seconds (JVM running for 2.973)
2023-06-17 15:38:55.150  INFO 21308 --- [http-nio-9090-exec-1] o.a.c.c.C.[Tomcat].[localhost].[/]       : Initializing Spring DispatcherServlet 'dispatcherServlet'
2023-06-17 15:38:55.151  INFO 21308 --- [http-nio-9090-exec-1] o.s.web.servlet.DispatcherServlet        : Initializing Servlet 'dispatcherServlet'
2023-06-17 15:38:55.151  INFO 21308 --- [http-nio-9090-exec-1] o.s.web.servlet.DispatcherServlet        : Completed initialization in 0 ms
2023-06-17 15:38:55.166  INFO 21308 --- [http-nio-9090-exec-1] com.sk.mvc.SuperMan                      : aboutRequestHandler
2023-06-17 17:45:59.915  INFO 21308 --- [File Watcher] rtingClassPathChangeChangedEventListener : Restarting due to 1 class path change (0 additions, 0 deletions, 1 modification)
2023-06-17 17:45:59.939  INFO 21308 --- [Thread-5] o.apache.catalina.core.StandardService   : Stopping service [Tomcat]
2023-06-17 17:45:59.942  INFO 21308 --- [Thread-5] o.a.c.c.C.[Tomcat].[localhost].[/]       : Destroying Spring FrameworkServlet 'dispatcherServlet'
2023-06-17 17:46:00.091  INFO 21308 --- [restartedMain] com.sk.mvc.SpringMvcProjectApplication   : Starting SpringMvcProjectApplication using Java 18.0.2.1 on SagarKumar with PID 21308 (E:\Master-SpringBoot\SpringMvcProject\target\classes started by ksaga in E:\Master-SpringBoot\SpringMvcProject)
2023-06-17 17:46:00.091  INFO 21308 --- [restartedMain] com.sk.mvc.SpringMvcProjectApplication   : No active profile set, falling back to 1 default profile: "default"
2023-06-17 17:46:00.331  INFO 21308 --- [restartedMain] o.s.b.w.embedded.tomcat.TomcatWebServer  : Tomcat initialized with port(s): 9090 (http)
2023-06-17 17:46:00.332  INFO 21308 --- [restartedMain] o.apache.catalina.core.StandardService   : Starting service [Tomcat]
2023-06-17 17:46:00.334  INFO 21308 --- [restartedMain] org.apache.catalina.core.StandardEngine  : Starting Servlet engine: [Apache Tomcat/9.0.75]
2023-06-17 17:46:00.354  INFO 21308 --- [restartedMain] o.a.c.c.C.[Tomcat].[localhost].[/]       : Initializing Spring embedded WebApplicationContext
2023-06-17 17:46:00.355  INFO 21308 --- [restartedMain] w.s.c.ServletWebServerApplicationContext : Root WebApplicationContext: initialization completed in 261 ms
2023-06-17 17:46:00.485  INFO 21308 --- [restartedMain] o.s.b.d.a.OptionalLiveReloadServer       : LiveReload server is running on port 35729
2023-06-17 17:46:00.500  INFO 21308 --- [restartedMain] o.s.b.w.embedded.tomcat.TomcatWebServer  : Tomcat started on port(s): 9090 (http) with context path ''
2023-06-17 17:46:00.509  INFO 21308 --- [restartedMain] com.sk.mvc.SpringMvcProjectApplication   : Started SpringMvcProjectApplication in 0.464 seconds (JVM running for 7657.122)
2023-06-17 17:46:00.512  INFO 21308 --- [restartedMain] .ConditionEvaluationDeltaLoggingListener : Condition evaluation unchanged
